# JRE version: OpenJDK Runtime Environment Temurin-21.0.9+10 (21.0.9+10) (build 21.0.9+10-LTS)
# Java VM: OpenJDK 64-Bit Server VM Temurin-21.0.9+10 (21.0.9+10-LTS, mixed mode, sharing, tiered, compressed oops, compressed class ptrs, parallel gc, windows-amd64)
GC Precious Log:
 CardTable entry size: 512
 CPUs: 12 total, 12 available
 Memory: 15708M
 Large Page Support: Disabled
 NUMA Support: Disabled
 Compressed Oops: Enabled (32-bit)
 Alignments: Space 512K, Generation 512K, Heap 2M
 Heap Min Capacity: 100M
 Heap Initial Capacity: 100M
 Heap Max Capacity: 2G
 Pre-touch: Disabled
 Parallel Workers: 10
Heap:
 PSYoungGen      total 6656K, used 6272K [0x00000000d5580000, 0x00000000d6080000, 0x0000000100000000)
  eden space 3072K, 100% used [0x00000000d5580000,0x00000000d5880000,0x00000000d5880000)
  from space 3584K, 89% used [0x00000000d5c00000,0x00000000d5f20000,0x00000000d5f80000)
  to   space 3584K, 0% used [0x00000000d5880000,0x00000000d5880000,0x00000000d5c00000)
 ParOldGen       total 1279488K, used 1279193K [0x0000000080000000, 0x00000000ce180000, 0x00000000d5580000)
  object space 1279488K, 99% used [0x0000000080000000,0x00000000ce1366f0,0x00000000ce180000)
 Metaspace       used 84498K, committed 86336K, reserved 1179648K
  class space    used 8419K, committed 9216K, reserved 1048576K
GC Heap History (20 events):
Event: 1432.378 GC heap before
{Heap before GC invocations=3797 (full 7):
 PSYoungGen      total 3584K, used 3553K [0x00000000d5580000, 0x00000000d6780000, 0x0000000100000000)
  eden space 2560K, 100% used [0x00000000d5580000,0x00000000d5800000,0x00000000d5800000)
  from space 1024K, 96% used [0x00000000d5e00000,0x00000000d5ef8460,0x00000000d5f00000)
  to   space 6144K, 0% used [0x00000000d5800000,0x00000000d5800000,0x00000000d5e00000)
 ParOldGen       total 1271808K, used 1271607K [0x0000000080000000, 0x00000000cda00000, 0x00000000d5580000)
  object space 1271808K, 99% used [0x0000000080000000,0x00000000cd9cdf10,0x00000000cda00000)
 Metaspace       used 84498K, committed 86336K, reserved 1179648K
  class space    used 8419K, committed 9216K, reserved 1048576K
}
Event: 1432.381 GC heap after
{Heap after GC invocations=3797 (full 7):
 PSYoungGen      total 4096K, used 1408K [0x00000000d5580000, 0x00000000d5e80000, 0x0000000100000000)
  eden space 2560K, 0% used [0x00000000d5580000,0x00000000d5580000,0x00000000d5800000)
  from space 1536K, 91% used [0x00000000d5800000,0x00000000d5960000,0x00000000d5980000)
  to   space 3072K, 0% used [0x00000000d5b80000,0x00000000d5b80000,0x00000000d5e80000)
 ParOldGen       total 1272832K, used 1272600K [0x0000000080000000, 0x00000000cdb00000, 0x00000000d5580000)
  object space 1272832K, 99% used [0x0000000080000000,0x00000000cdac6370,0x00000000cdb00000)
 Metaspace       used 84498K, committed 86336K, reserved 1179648K
  class space    used 8419K, committed 9216K, reserved 1048576K
}
Event: 1432.446 GC heap before
{Heap before GC invocations=3798 (full 7):
 PSYoungGen      total 4096K, used 3968K [0x00000000d5580000, 0x00000000d5e80000, 0x0000000100000000)
  eden space 2560K, 100% used [0x00000000d5580000,0x00000000d5800000,0x00000000d5800000)
  from space 1536K, 91% used [0x00000000d5800000,0x00000000d5960000,0x00000000d5980000)
  to   space 3072K, 0% used [0x00000000d5b80000,0x00000000d5b80000,0x00000000d5e80000)
 ParOldGen       total 1272832K, used 1272600K [0x0000000080000000, 0x00000000cdb00000, 0x00000000d5580000)
  object space 1272832K, 99% used [0x0000000080000000,0x00000000cdac6370,0x00000000cdb00000)
 Metaspace       used 84498K, committed 86336K, reserved 1179648K
  class space    used 8419K, committed 9216K, reserved 1048576K
}
Event: 1432.448 GC heap after
{Heap after GC invocations=3798 (full 7):
 PSYoungGen      total 3072K, used 224K [0x00000000d5580000, 0x00000000d5c00000, 0x0000000100000000)
  eden space 2560K, 0% used [0x00000000d5580000,0x00000000d5580000,0x00000000d5800000)
  from space 512K, 43% used [0x00000000d5b80000,0x00000000d5bb8000,0x00000000d5c00000)
  to   space 1024K, 0% used [0x00000000d5a00000,0x00000000d5a00000,0x00000000d5b00000)
 ParOldGen       total 1273856K, used 1273595K [0x0000000080000000, 0x00000000cdc00000, 0x00000000d5580000)
  object space 1273856K, 99% used [0x0000000080000000,0x00000000cdbbec70,0x00000000cdc00000)
 Metaspace       used 84498K, committed 86336K, reserved 1179648K
  class space    used 8419K, committed 9216K, reserved 1048576K
}
Event: 1432.451 GC heap before
{Heap before GC invocations=3799 (full 7):
 PSYoungGen      total 3072K, used 2784K [0x00000000d5580000, 0x00000000d5c00000, 0x0000000100000000)
  eden space 2560K, 100% used [0x00000000d5580000,0x00000000d5800000,0x00000000d5800000)
  from space 512K, 43% used [0x00000000d5b80000,0x00000000d5bb8000,0x00000000d5c00000)
  to   space 1024K, 0% used [0x00000000d5a00000,0x00000000d5a00000,0x00000000d5b00000)
 ParOldGen       total 1273856K, used 1273595K [0x0000000080000000, 0x00000000cdc00000, 0x00000000d5580000)
  object space 1273856K, 99% used [0x0000000080000000,0x00000000cdbbec70,0x00000000cdc00000)
 Metaspace       used 84498K, committed 86336K, reserved 1179648K
  class space    used 8419K, committed 9216K, reserved 1048576K
}
Event: 1432.453 GC heap after
{Heap after GC invocations=3799 (full 7):
 PSYoungGen      total 4096K, used 560K [0x00000000d5580000, 0x00000000d5c00000, 0x0000000100000000)
  eden space 3072K, 0% used [0x00000000d5580000,0x00000000d5580000,0x00000000d5880000)
  from space 1024K, 54% used [0x00000000d5a00000,0x00000000d5a8c010,0x00000000d5b00000)
  to   space 1024K, 0% used [0x00000000d5b00000,0x00000000d5b00000,0x00000000d5c00000)
 ParOldGen       total 1273856K, used 1273675K [0x0000000080000000, 0x00000000cdc00000, 0x00000000d5580000)
  object space 1273856K, 99% used [0x0000000080000000,0x00000000cdbd2c70,0x00000000cdc00000)
 Metaspace       used 84498K, committed 86336K, reserved 1179648K
  class space    used 8419K, committed 9216K, reserved 1048576K
}
Event: 1432.458 GC heap before
{Heap before GC invocations=3800 (full 7):
 PSYoungGen      total 4096K, used 3632K [0x00000000d5580000, 0x00000000d5c00000, 0x0000000100000000)
  eden space 3072K, 100% used [0x00000000d5580000,0x00000000d5880000,0x00000000d5880000)
  from space 1024K, 54% used [0x00000000d5a00000,0x00000000d5a8c010,0x00000000d5b00000)
  to   space 1024K, 0% used [0x00000000d5b00000,0x00000000d5b00000,0x00000000d5c00000)
 ParOldGen       total 1273856K, used 1273675K [0x0000000080000000, 0x00000000cdc00000, 0x00000000d5580000)
  object space 1273856K, 99% used [0x0000000080000000,0x00000000cdbd2c70,0x00000000cdc00000)
 Metaspace       used 84498K, committed 86336K, reserved 1179648K
  class space    used 8419K, committed 9216K, reserved 1048576K
}
Event: 1432.460 GC heap after
{Heap after GC invocations=3800 (full 7):
 PSYoungGen      total 5120K, used 656K [0x00000000d5580000, 0x00000000d5c00000, 0x0000000100000000)
  eden space 4096K, 0% used [0x00000000d5580000,0x00000000d5580000,0x00000000d5980000)
  from space 1024K, 64% used [0x00000000d5b00000,0x00000000d5ba4010,0x00000000d5c00000)
  to   space 1024K, 0% used [0x00000000d5a00000,0x00000000d5a00000,0x00000000d5b00000)
 ParOldGen       total 1273856K, used 1273683K [0x0000000080000000, 0x00000000cdc00000, 0x00000000d5580000)
  object space 1273856K, 99% used [0x0000000080000000,0x00000000cdbd4c70,0x00000000cdc00000)
 Metaspace       used 84498K, committed 86336K, reserved 1179648K
  class space    used 8419K, committed 9216K, reserved 1048576K
}
Event: 1432.565 GC heap before
{Heap before GC invocations=3801 (full 7):
 PSYoungGen      total 5120K, used 4751K [0x00000000d5580000, 0x00000000d5c00000, 0x0000000100000000)
  eden space 4096K, 99% used [0x00000000d5580000,0x00000000d597fdd8,0x00000000d5980000)
  from space 1024K, 64% used [0x00000000d5b00000,0x00000000d5ba4010,0x00000000d5c00000)
  to   space 1024K, 0% used [0x00000000d5a00000,0x00000000d5a00000,0x00000000d5b00000)
 ParOldGen       total 1273856K, used 1273683K [0x0000000080000000, 0x00000000cdc00000, 0x00000000d5580000)
  object space 1273856K, 99% used [0x0000000080000000,0x00000000cdbd4c70,0x00000000cdc00000)
 Metaspace       used 84498K, committed 86336K, reserved 1179648K
  class space    used 8419K, committed 9216K, reserved 1048576K
}
Event: 1432.567 GC heap after
{Heap after GC invocations=3801 (full 7):
 PSYoungGen      total 5120K, used 160K [0x00000000d5580000, 0x00000000d5b80000, 0x0000000100000000)
  eden space 4096K, 0% used [0x00000000d5580000,0x00000000d5580000,0x00000000d5980000)
  from space 1024K, 15% used [0x00000000d5a00000,0x00000000d5a28000,0x00000000d5b00000)
  to   space 512K, 0% used [0x00000000d5b00000,0x00000000d5b00000,0x00000000d5b80000)
 ParOldGen       total 1273856K, used 1273715K [0x0000000080000000, 0x00000000cdc00000, 0x00000000d5580000)
  object space 1273856K, 99% used [0x0000000080000000,0x00000000cdbdcc70,0x00000000cdc00000)
 Metaspace       used 84498K, committed 86336K, reserved 1179648K
  class space    used 8419K, committed 9216K, reserved 1048576K
}
Event: 1432.850 GC heap before
{Heap before GC invocations=3802 (full 7):
 PSYoungGen      total 5120K, used 4256K [0x00000000d5580000, 0x00000000d5b80000, 0x0000000100000000)
  eden space 4096K, 100% used [0x00000000d5580000,0x00000000d5980000,0x00000000d5980000)
  from space 1024K, 15% used [0x00000000d5a00000,0x00000000d5a28000,0x00000000d5b00000)
  to   space 512K, 0% used [0x00000000d5b00000,0x00000000d5b00000,0x00000000d5b80000)
 ParOldGen       total 1273856K, used 1273715K [0x0000000080000000, 0x00000000cdc00000, 0x00000000d5580000)
  object space 1273856K, 99% used [0x0000000080000000,0x00000000cdbdcc70,0x00000000cdc00000)
 Metaspace       used 84498K, committed 86336K, reserved 1179648K
  class space    used 8419K, committed 9216K, reserved 1048576K
}
Event: 1432.853 GC heap after
{Heap after GC invocations=3802 (full 7):
 PSYoungGen      total 3072K, used 489K [0x00000000d5580000, 0x00000000d5f80000, 0x0000000100000000)
  eden space 2560K, 0% used [0x00000000d5580000,0x00000000d5580000,0x00000000d5800000)
  from space 512K, 95% used [0x00000000d5b00000,0x00000000d5b7a420,0x00000000d5b80000)
  to   space 3072K, 0% used [0x00000000d5800000,0x00000000d5800000,0x00000000d5b00000)
 ParOldGen       total 1275904K, used 1275644K [0x0000000080000000, 0x00000000cde00000, 0x00000000d5580000)
  object space 1275904K, 99% used [0x0000000080000000,0x00000000cddbf090,0x00000000cde00000)
 Metaspace       used 84498K, committed 86336K, reserved 1179648K
  class space    used 8419K, committed 9216K, reserved 1048576K
}
Event: 1432.857 GC heap before
{Heap before GC invocations=3803 (full 7):
 PSYoungGen      total 3072K, used 3049K [0x00000000d5580000, 0x00000000d5f80000, 0x0000000100000000)
  eden space 2560K, 100% used [0x00000000d5580000,0x00000000d5800000,0x00000000d5800000)
  from space 512K, 95% used [0x00000000d5b00000,0x00000000d5b7a420,0x00000000d5b80000)
  to   space 3072K, 0% used [0x00000000d5800000,0x00000000d5800000,0x00000000d5b00000)
 ParOldGen       total 1275904K, used 1275644K [0x0000000080000000, 0x00000000cde00000, 0x00000000d5580000)
  object space 1275904K, 99% used [0x0000000080000000,0x00000000cddbf090,0x00000000cde00000)
 Metaspace       used 84498K, committed 86336K, reserved 1179648K
  class space    used 8419K, committed 9216K, reserved 1048576K
}
Event: 1432.859 GC heap after
{Heap after GC invocations=3803 (full 7):
 PSYoungGen      total 3072K, used 512K [0x00000000d5580000, 0x00000000d5b80000, 0x0000000100000000)
  eden space 2560K, 0% used [0x00000000d5580000,0x00000000d5580000,0x00000000d5800000)
  from space 512K, 100% used [0x00000000d5800000,0x00000000d5880000,0x00000000d5880000)
  to   space 1536K, 0% used [0x00000000d5a00000,0x00000000d5a00000,0x00000000d5b80000)
 ParOldGen       total 1275904K, used 1275902K [0x0000000080000000, 0x00000000cde00000, 0x00000000d5580000)
  object space 1275904K, 99% used [0x0000000080000000,0x00000000cddff990,0x00000000cde00000)
 Metaspace       used 84498K, committed 86336K, reserved 1179648K
  class space    used 8419K, committed 9216K, reserved 1048576K
}
Event: 1432.864 GC heap before
{Heap before GC invocations=3804 (full 7):
 PSYoungGen      total 3072K, used 2980K [0x00000000d5580000, 0x00000000d5b80000, 0x0000000100000000)
  eden space 2560K, 96% used [0x00000000d5580000,0x00000000d57e9208,0x00000000d5800000)
  from space 512K, 100% used [0x00000000d5800000,0x00000000d5880000,0x00000000d5880000)
  to   space 1536K, 0% used [0x00000000d5a00000,0x00000000d5a00000,0x00000000d5b80000)
 ParOldGen       total 1275904K, used 1275902K [0x0000000080000000, 0x00000000cde00000, 0x00000000d5580000)
  object space 1275904K, 99% used [0x0000000080000000,0x00000000cddff990,0x00000000cde00000)
 Metaspace       used 84498K, committed 86336K, reserved 1179648K
  class space    used 8419K, committed 9216K, reserved 1048576K
}
Event: 1432.866 GC heap after
{Heap after GC invocations=3804 (full 7):
 PSYoungGen      total 3072K, used 448K [0x00000000d5580000, 0x00000000d5a80000, 0x0000000100000000)
  eden space 2560K, 0% used [0x00000000d5580000,0x00000000d5580000,0x00000000d5800000)
  from space 512K, 87% used [0x00000000d5a00000,0x00000000d5a70000,0x00000000d5a80000)
  to   space 1024K, 0% used [0x00000000d5880000,0x00000000d5880000,0x00000000d5980000)
 ParOldGen       total 1276416K, used 1276318K [0x0000000080000000, 0x00000000cde80000, 0x00000000d5580000)
  object space 1276416K, 99% used [0x0000000080000000,0x00000000cde67990,0x00000000cde80000)
 Metaspace       used 84498K, committed 86336K, reserved 1179648K
  class space    used 8419K, committed 9216K, reserved 1048576K
}
Event: 1432.868 GC heap before
{Heap before GC invocations=3805 (full 7):
 PSYoungGen      total 3072K, used 3008K [0x00000000d5580000, 0x00000000d5a80000, 0x0000000100000000)
  eden space 2560K, 100% used [0x00000000d5580000,0x00000000d5800000,0x00000000d5800000)
  from space 512K, 87% used [0x00000000d5a00000,0x00000000d5a70000,0x00000000d5a80000)
  to   space 1024K, 0% used [0x00000000d5880000,0x00000000d5880000,0x00000000d5980000)
 ParOldGen       total 1276416K, used 1276318K [0x0000000080000000, 0x00000000cde80000, 0x00000000d5580000)
  object space 1276416K, 99% used [0x0000000080000000,0x00000000cde67990,0x00000000cde80000)
 Metaspace       used 84498K, committed 86336K, reserved 1179648K
  class space    used 8419K, committed 9216K, reserved 1048576K
}
Event: 1432.871 GC heap after
{Heap after GC invocations=3805 (full 7):
 PSYoungGen      total 4096K, used 993K [0x00000000d5580000, 0x00000000d5f80000, 0x0000000100000000)
  eden space 3072K, 0% used [0x00000000d5580000,0x00000000d5580000,0x00000000d5880000)
  from space 1024K, 96% used [0x00000000d5880000,0x00000000d5978460,0x00000000d5980000)
  to   space 3584K, 0% used [0x00000000d5c00000,0x00000000d5c00000,0x00000000d5f80000)
 ParOldGen       total 1278464K, used 1278160K [0x0000000080000000, 0x00000000ce080000, 0x00000000d5580000)
  object space 1278464K, 99% used [0x0000000080000000,0x00000000ce034290,0x00000000ce080000)
 Metaspace       used 84498K, committed 86336K, reserved 1179648K
  class space    used 8419K, committed 9216K, reserved 1048576K
}
Event: 1432.875 GC heap before
{Heap before GC invocations=3806 (full 7):
 PSYoungGen      total 4096K, used 4065K [0x00000000d5580000, 0x00000000d5f80000, 0x0000000100000000)
  eden space 3072K, 100% used [0x00000000d5580000,0x00000000d5880000,0x00000000d5880000)
  from space 1024K, 96% used [0x00000000d5880000,0x00000000d5978460,0x00000000d5980000)
  to   space 3584K, 0% used [0x00000000d5c00000,0x00000000d5c00000,0x00000000d5f80000)
 ParOldGen       total 1278464K, used 1278160K [0x0000000080000000, 0x00000000ce080000, 0x00000000d5580000)
  object space 1278464K, 99% used [0x0000000080000000,0x00000000ce034290,0x00000000ce080000)
 Metaspace       used 84498K, committed 86336K, reserved 1179648K
  class space    used 8419K, committed 9216K, reserved 1048576K
}
Event: 1432.877 GC heap after
{Heap after GC invocations=3806 (full 7):
 PSYoungGen      total 6656K, used 3200K [0x00000000d5580000, 0x00000000d6080000, 0x0000000100000000)
  eden space 3072K, 0% used [0x00000000d5580000,0x00000000d5580000,0x00000000d5880000)
  from space 3584K, 89% used [0x00000000d5c00000,0x00000000d5f20000,0x00000000d5f80000)
  to   space 3584K, 0% used [0x00000000d5880000,0x00000000d5880000,0x00000000d5c00000)
 ParOldGen       total 1279488K, used 1279193K [0x0000000080000000, 0x00000000ce180000, 0x00000000d5580000)
  object space 1279488K, 99% used [0x0000000080000000,0x00000000ce1366f0,0x00000000ce180000)
 Metaspace       used 84498K, committed 86336K, reserved 1179648K
  class space    used 8419K, committed 9216K, reserved 1048576K
}

